<?xml version="1.0" encoding="UTF-8"?>
<testng-results ignored="0" total="2" passed="2" failed="0" skipped="0">
  <reporter-output>
  </reporter-output>
  <suite started-at="2023-06-08T21:48:51 IST" name="Default suite" finished-at="2023-06-08T21:49:32 IST" duration-ms="41084">
    <groups>
    </groups>
    <test started-at="2023-06-08T21:48:51 IST" name="Default test" finished-at="2023-06-08T21:49:32 IST" duration-ms="41084">
      <class name="Test.MouseEvent">
        <test-method is-config="true" signature="openbrowser()[pri:0, instance:Test.MouseEvent@316bcf94]" started-at="2023-06-08T21:48:51 IST" name="openbrowser" finished-at="2023-06-08T21:49:06 IST" duration-ms="14554" status="PASS">
          <reporter-output>
          </reporter-output>
        </test-method> <!-- openbrowser -->
        <test-method signature="RightClick()[pri:1, instance:Test.MouseEvent@316bcf94]" started-at="2023-06-08T21:49:06 IST" name="RightClick" finished-at="2023-06-08T21:49:22 IST" duration-ms="15957" status="PASS">
          <reporter-output>
          </reporter-output>
        </test-method> <!-- RightClick -->
        <test-method signature="MouseHover()[pri:2, instance:Test.MouseEvent@316bcf94]" started-at="2023-06-08T21:49:22 IST" name="MouseHover" finished-at="2023-06-08T21:49:30 IST" duration-ms="7912" status="PASS">
          <reporter-output>
          </reporter-output>
        </test-method> <!-- MouseHover -->
        <test-method is-config="true" signature="exit()[pri:0, instance:Test.MouseEvent@316bcf94]" started-at="2023-06-08T21:49:30 IST" name="exit" finished-at="2023-06-08T21:49:32 IST" duration-ms="2514" status="PASS">
          <reporter-output>
          </reporter-output>
        </test-method> <!-- exit -->
      </class> <!-- Test.MouseEvent -->
    </test> <!-- Default test -->
  </suite> <!-- Default suite -->
</testng-results>
