<?xml version="1.0" encoding="UTF-8"?>
<testng-results ignored="0" total="2" passed="2" failed="0" skipped="0">
  <reporter-output>
  </reporter-output>
  <suite started-at="2023-06-09T22:33:06 IST" name="Default suite" finished-at="2023-06-09T22:33:28 IST" duration-ms="21804">
    <groups>
    </groups>
    <test started-at="2023-06-09T22:33:06 IST" name="Default test" finished-at="2023-06-09T22:33:28 IST" duration-ms="21804">
      <class name="Test.Excel">
        <test-method is-config="true" signature="openBrowser()[pri:0, instance:Test.Excel@316bcf94]" started-at="2023-06-09T22:33:06 IST" name="openBrowser" finished-at="2023-06-09T22:33:17 IST" duration-ms="11244" status="PASS">
          <reporter-output>
          </reporter-output>
        </test-method> <!-- openBrowser -->
        <test-method signature="login(java.lang.String,java.lang.String)[pri:0, instance:Test.Excel@316bcf94]" started-at="2023-06-09T22:33:18 IST" name="login" data-provider="DATA" finished-at="2023-06-09T22:33:24 IST" duration-ms="6103" status="PASS">
          <params>
            <param index="0">
              <value>
                <![CDATA[sde123]]>
              </value>
            </param>
            <param index="1">
              <value>
                <![CDATA[wewqeqw]]>
              </value>
            </param>
          </params>
          <reporter-output>
          </reporter-output>
        </test-method> <!-- login -->
        <test-method signature="login(java.lang.String,java.lang.String)[pri:0, instance:Test.Excel@316bcf94]" started-at="2023-06-09T22:33:24 IST" name="login" data-provider="DATA" finished-at="2023-06-09T22:33:27 IST" duration-ms="2944" status="PASS">
          <params>
            <param index="0">
              <value>
                <![CDATA[sd rt rt]]>
              </value>
            </param>
            <param index="1">
              <value>
                <![CDATA[324we]]>
              </value>
            </param>
          </params>
          <reporter-output>
          </reporter-output>
        </test-method> <!-- login -->
        <test-method is-config="true" signature="quitBrowser()[pri:0, instance:Test.Excel@316bcf94]" started-at="2023-06-09T22:33:27 IST" name="quitBrowser" finished-at="2023-06-09T22:33:28 IST" duration-ms="295" status="PASS">
          <reporter-output>
          </reporter-output>
        </test-method> <!-- quitBrowser -->
      </class> <!-- Test.Excel -->
    </test> <!-- Default test -->
  </suite> <!-- Default suite -->
</testng-results>
